<!DOCTYPE html>
<html>
<head>
<meta http-equiv="Content-Type" content="text/html; charset=utf-8"/>
<meta http-equiv="x-ua-compatible" content="IE=edge"/>
<title>Test results - ProductRepositoryTest</title>
<link href="../css/base-style.css" rel="stylesheet" type="text/css"/>
<link href="../css/style.css" rel="stylesheet" type="text/css"/>
<script src="../js/report.js" type="text/javascript"></script>
</head>
<body>
<div id="content">
<h1>ProductRepositoryTest</h1>
<div class="breadcrumbs">
<a href="../index.html">all</a> &gt; 
<a href="../packages/com.ssafy.queant.model.repository.html">com.ssafy.queant.model.repository</a> &gt; ProductRepositoryTest</div>
<div id="summary">
<table>
<tr>
<td>
<div class="summaryGroup">
<table>
<tr>
<td>
<div class="infoBox" id="tests">
<div class="counter">1</div>
<p>tests</p>
</div>
</td>
<td>
<div class="infoBox" id="failures">
<div class="counter">1</div>
<p>failures</p>
</div>
</td>
<td>
<div class="infoBox" id="ignored">
<div class="counter">0</div>
<p>ignored</p>
</div>
</td>
<td>
<div class="infoBox" id="duration">
<div class="counter">0.094s</div>
<p>duration</p>
</div>
</td>
</tr>
</table>
</div>
</td>
<td>
<div class="infoBox failures" id="successRate">
<div class="percent">0%</div>
<p>successful</p>
</div>
</td>
</tr>
</table>
</div>
<div id="tabs">
<ul class="tabLinks">
<li>
<a href="#tab0">Failed tests</a>
</li>
<li>
<a href="#tab1">Tests</a>
</li>
<li>
<a href="#tab2">Standard output</a>
</li>
</ul>
<div id="tab0" class="tab">
<h2>Failed tests</h2>
<div class="test">
<a name="findByBankId()"></a>
<h3 class="failures">findByBankId()</h3>
<span class="code">
<pre>org.springframework.orm.jpa.JpaSystemException: Null value was assigned to a property [class com.ssafy.queant.model.entity.product.Product.ageMax] of primitive type setter of com.ssafy.queant.model.entity.product.Product.ageMax; nested exception is org.hibernate.PropertyAccessException: Null value was assigned to a property [class com.ssafy.queant.model.entity.product.Product.ageMax] of primitive type setter of com.ssafy.queant.model.entity.product.Product.ageMax
	at org.springframework.orm.jpa.vendor.HibernateJpaDialect.convertHibernateAccessException(HibernateJpaDialect.java:331)
	at org.springframework.orm.jpa.vendor.HibernateJpaDialect.translateExceptionIfPossible(HibernateJpaDialect.java:233)
	at org.springframework.orm.jpa.AbstractEntityManagerFactoryBean.translateExceptionIfPossible(AbstractEntityManagerFactoryBean.java:551)
	at org.springframework.dao.support.ChainedPersistenceExceptionTranslator.translateExceptionIfPossible(ChainedPersistenceExceptionTranslator.java:61)
	at org.springframework.dao.support.DataAccessUtils.translateIfNecessary(DataAccessUtils.java:242)
	at org.springframework.dao.support.PersistenceExceptionTranslationInterceptor.invoke(PersistenceExceptionTranslationInterceptor.java:152)
	at org.springframework.aop.framework.ReflectiveMethodInvocation.proceed(ReflectiveMethodInvocation.java:186)
	at org.springframework.data.jpa.repository.support.CrudMethodMetadataPostProcessor$CrudMethodMetadataPopulatingMethodInterceptor.invoke(CrudMethodMetadataPostProcessor.java:145)
	at org.springframework.aop.framework.ReflectiveMethodInvocation.proceed(ReflectiveMethodInvocation.java:186)
	at org.springframework.aop.interceptor.ExposeInvocationInterceptor.invoke(ExposeInvocationInterceptor.java:97)
	at org.springframework.aop.framework.ReflectiveMethodInvocation.proceed(ReflectiveMethodInvocation.java:186)
	at org.springframework.aop.framework.JdkDynamicAopProxy.invoke(JdkDynamicAopProxy.java:215)
	at com.sun.proxy.$Proxy158.findByBankId(Unknown Source)
	at com.ssafy.queant.model.repository.ProductRepositoryTest.findByBankId(ProductRepositoryTest.java:23)
	at sun.reflect.NativeMethodAccessorImpl.invoke0(Native Method)
	at sun.reflect.NativeMethodAccessorImpl.invoke(NativeMethodAccessorImpl.java:62)
	at sun.reflect.DelegatingMethodAccessorImpl.invoke(DelegatingMethodAccessorImpl.java:43)
	at java.lang.reflect.Method.invoke(Method.java:498)
	at org.junit.platform.commons.util.ReflectionUtils.invokeMethod(ReflectionUtils.java:725)
	at org.junit.jupiter.engine.execution.MethodInvocation.proceed(MethodInvocation.java:60)
	at org.junit.jupiter.engine.execution.InvocationInterceptorChain$ValidatingInvocation.proceed(InvocationInterceptorChain.java:131)
	at org.junit.jupiter.engine.extension.TimeoutExtension.intercept(TimeoutExtension.java:149)
	at org.junit.jupiter.engine.extension.TimeoutExtension.interceptTestableMethod(TimeoutExtension.java:140)
	at org.junit.jupiter.engine.extension.TimeoutExtension.interceptTestMethod(TimeoutExtension.java:84)
	at org.junit.jupiter.engine.execution.ExecutableInvoker$ReflectiveInterceptorCall.lambda$ofVoidMethod$0(ExecutableInvoker.java:115)
	at org.junit.jupiter.engine.execution.ExecutableInvoker.lambda$invoke$0(ExecutableInvoker.java:105)
	at org.junit.jupiter.engine.execution.InvocationInterceptorChain$InterceptedInvocation.proceed(InvocationInterceptorChain.java:106)
	at org.junit.jupiter.engine.execution.InvocationInterceptorChain.proceed(InvocationInterceptorChain.java:64)
	at org.junit.jupiter.engine.execution.InvocationInterceptorChain.chainAndInvoke(InvocationInterceptorChain.java:45)
	at org.junit.jupiter.engine.execution.InvocationInterceptorChain.invoke(InvocationInterceptorChain.java:37)
	at org.junit.jupiter.engine.execution.ExecutableInvoker.invoke(ExecutableInvoker.java:104)
	at org.junit.jupiter.engine.execution.ExecutableInvoker.invoke(ExecutableInvoker.java:98)
	at org.junit.jupiter.engine.descriptor.TestMethodTestDescriptor.lambda$invokeTestMethod$7(TestMethodTestDescriptor.java:214)
	at org.junit.platform.engine.support.hierarchical.ThrowableCollector.execute(ThrowableCollector.java:73)
	at org.junit.jupiter.engine.descriptor.TestMethodTestDescriptor.invokeTestMethod(TestMethodTestDescriptor.java:210)
	at org.junit.jupiter.engine.descriptor.TestMethodTestDescriptor.execute(TestMethodTestDescriptor.java:135)
	at org.junit.jupiter.engine.descriptor.TestMethodTestDescriptor.execute(TestMethodTestDescriptor.java:66)
	at org.junit.platform.engine.support.hierarchical.NodeTestTask.lambda$executeRecursively$6(NodeTestTask.java:151)
	at org.junit.platform.engine.support.hierarchical.ThrowableCollector.execute(ThrowableCollector.java:73)
	at org.junit.platform.engine.support.hierarchical.NodeTestTask.lambda$executeRecursively$8(NodeTestTask.java:141)
	at org.junit.platform.engine.support.hierarchical.Node.around(Node.java:137)
	at org.junit.platform.engine.support.hierarchical.NodeTestTask.lambda$executeRecursively$9(NodeTestTask.java:139)
	at org.junit.platform.engine.support.hierarchical.ThrowableCollector.execute(ThrowableCollector.java:73)
	at org.junit.platform.engine.support.hierarchical.NodeTestTask.executeRecursively(NodeTestTask.java:138)
	at org.junit.platform.engine.support.hierarchical.NodeTestTask.execute(NodeTestTask.java:95)
	at java.util.ArrayList.forEach(ArrayList.java:1257)
	at org.junit.platform.engine.support.hierarchical.SameThreadHierarchicalTestExecutorService.invokeAll(SameThreadHierarchicalTestExecutorService.java:41)
	at org.junit.platform.engine.support.hierarchical.NodeTestTask.lambda$executeRecursively$6(NodeTestTask.java:155)
	at org.junit.platform.engine.support.hierarchical.ThrowableCollector.execute(ThrowableCollector.java:73)
	at org.junit.platform.engine.support.hierarchical.NodeTestTask.lambda$executeRecursively$8(NodeTestTask.java:141)
	at org.junit.platform.engine.support.hierarchical.Node.around(Node.java:137)
	at org.junit.platform.engine.support.hierarchical.NodeTestTask.lambda$executeRecursively$9(NodeTestTask.java:139)
	at org.junit.platform.engine.support.hierarchical.ThrowableCollector.execute(ThrowableCollector.java:73)
	at org.junit.platform.engine.support.hierarchical.NodeTestTask.executeRecursively(NodeTestTask.java:138)
	at org.junit.platform.engine.support.hierarchical.NodeTestTask.execute(NodeTestTask.java:95)
	at java.util.ArrayList.forEach(ArrayList.java:1257)
	at org.junit.platform.engine.support.hierarchical.SameThreadHierarchicalTestExecutorService.invokeAll(SameThreadHierarchicalTestExecutorService.java:41)
	at org.junit.platform.engine.support.hierarchical.NodeTestTask.lambda$executeRecursively$6(NodeTestTask.java:155)
	at org.junit.platform.engine.support.hierarchical.ThrowableCollector.execute(ThrowableCollector.java:73)
	at org.junit.platform.engine.support.hierarchical.NodeTestTask.lambda$executeRecursively$8(NodeTestTask.java:141)
	at org.junit.platform.engine.support.hierarchical.Node.around(Node.java:137)
	at org.junit.platform.engine.support.hierarchical.NodeTestTask.lambda$executeRecursively$9(NodeTestTask.java:139)
	at org.junit.platform.engine.support.hierarchical.ThrowableCollector.execute(ThrowableCollector.java:73)
	at org.junit.platform.engine.support.hierarchical.NodeTestTask.executeRecursively(NodeTestTask.java:138)
	at org.junit.platform.engine.support.hierarchical.NodeTestTask.execute(NodeTestTask.java:95)
	at org.junit.platform.engine.support.hierarchical.SameThreadHierarchicalTestExecutorService.submit(SameThreadHierarchicalTestExecutorService.java:35)
	at org.junit.platform.engine.support.hierarchical.HierarchicalTestExecutor.execute(HierarchicalTestExecutor.java:57)
	at org.junit.platform.engine.support.hierarchical.HierarchicalTestEngine.execute(HierarchicalTestEngine.java:54)
	at org.junit.platform.launcher.core.EngineExecutionOrchestrator.execute(EngineExecutionOrchestrator.java:108)
	at org.junit.platform.launcher.core.EngineExecutionOrchestrator.execute(EngineExecutionOrchestrator.java:88)
	at org.junit.platform.launcher.core.EngineExecutionOrchestrator.lambda$execute$0(EngineExecutionOrchestrator.java:54)
	at org.junit.platform.launcher.core.EngineExecutionOrchestrator.withInterceptedStreams(EngineExecutionOrchestrator.java:67)
	at org.junit.platform.launcher.core.EngineExecutionOrchestrator.execute(EngineExecutionOrchestrator.java:52)
	at org.junit.platform.launcher.core.DefaultLauncher.execute(DefaultLauncher.java:96)
	at org.junit.platform.launcher.core.DefaultLauncher.execute(DefaultLauncher.java:75)
	at org.gradle.api.internal.tasks.testing.junitplatform.JUnitPlatformTestClassProcessor$CollectAllTestClassesExecutor.processAllTestClasses(JUnitPlatformTestClassProcessor.java:99)
	at org.gradle.api.internal.tasks.testing.junitplatform.JUnitPlatformTestClassProcessor$CollectAllTestClassesExecutor.access$000(JUnitPlatformTestClassProcessor.java:79)
	at org.gradle.api.internal.tasks.testing.junitplatform.JUnitPlatformTestClassProcessor.stop(JUnitPlatformTestClassProcessor.java:75)
	at org.gradle.api.internal.tasks.testing.SuiteTestClassProcessor.stop(SuiteTestClassProcessor.java:61)
	at sun.reflect.NativeMethodAccessorImpl.invoke0(Native Method)
	at sun.reflect.NativeMethodAccessorImpl.invoke(NativeMethodAccessorImpl.java:62)
	at sun.reflect.DelegatingMethodAccessorImpl.invoke(DelegatingMethodAccessorImpl.java:43)
	at java.lang.reflect.Method.invoke(Method.java:498)
	at org.gradle.internal.dispatch.ReflectionDispatch.dispatch(ReflectionDispatch.java:36)
	at org.gradle.internal.dispatch.ReflectionDispatch.dispatch(ReflectionDispatch.java:24)
	at org.gradle.internal.dispatch.ContextClassLoaderDispatch.dispatch(ContextClassLoaderDispatch.java:33)
	at org.gradle.internal.dispatch.ProxyDispatchAdapter$DispatchingInvocationHandler.invoke(ProxyDispatchAdapter.java:94)
	at com.sun.proxy.$Proxy2.stop(Unknown Source)
	at org.gradle.api.internal.tasks.testing.worker.TestWorker$3.run(TestWorker.java:193)
	at org.gradle.api.internal.tasks.testing.worker.TestWorker.executeAndMaintainThreadName(TestWorker.java:129)
	at org.gradle.api.internal.tasks.testing.worker.TestWorker.execute(TestWorker.java:100)
	at org.gradle.api.internal.tasks.testing.worker.TestWorker.execute(TestWorker.java:60)
	at org.gradle.process.internal.worker.child.ActionExecutionWorker.execute(ActionExecutionWorker.java:56)
	at org.gradle.process.internal.worker.child.SystemApplicationClassLoaderWorker.call(SystemApplicationClassLoaderWorker.java:133)
	at org.gradle.process.internal.worker.child.SystemApplicationClassLoaderWorker.call(SystemApplicationClassLoaderWorker.java:71)
	at worker.org.gradle.process.internal.worker.GradleWorkerMain.run(GradleWorkerMain.java:69)
	at worker.org.gradle.process.internal.worker.GradleWorkerMain.main(GradleWorkerMain.java:74)
Caused by: org.hibernate.PropertyAccessException: Null value was assigned to a property [class com.ssafy.queant.model.entity.product.Product.ageMax] of primitive type setter of com.ssafy.queant.model.entity.product.Product.ageMax
	at org.hibernate.property.access.spi.SetterFieldImpl.set(SetterFieldImpl.java:58)
	at org.hibernate.tuple.entity.AbstractEntityTuplizer.setPropertyValues(AbstractEntityTuplizer.java:681)
	at org.hibernate.tuple.entity.PojoEntityTuplizer.setPropertyValues(PojoEntityTuplizer.java:144)
	at org.hibernate.persister.entity.AbstractEntityPersister.setPropertyValues(AbstractEntityPersister.java:5252)
	at org.hibernate.engine.internal.TwoPhaseLoad.initializeEntityFromEntityEntryLoadedState(TwoPhaseLoad.java:253)
	at org.hibernate.engine.internal.TwoPhaseLoad.initializeEntity(TwoPhaseLoad.java:156)
	at org.hibernate.engine.internal.TwoPhaseLoad.initializeEntity(TwoPhaseLoad.java:126)
	at org.hibernate.loader.Loader.initializeEntitiesAndCollections(Loader.java:1201)
	at org.hibernate.loader.Loader.processResultSet(Loader.java:1009)
	at org.hibernate.loader.Loader.doQuery(Loader.java:967)
	at org.hibernate.loader.Loader.doQueryAndInitializeNonLazyCollections(Loader.java:357)
	at org.hibernate.loader.Loader.doList(Loader.java:2868)
	at org.hibernate.loader.Loader.doList(Loader.java:2850)
	at org.hibernate.loader.Loader.listIgnoreQueryCache(Loader.java:2682)
	at org.hibernate.loader.Loader.list(Loader.java:2677)
	at org.hibernate.loader.hql.QueryLoader.list(QueryLoader.java:540)
	at org.hibernate.hql.internal.ast.QueryTranslatorImpl.list(QueryTranslatorImpl.java:400)
	at org.hibernate.engine.query.spi.HQLQueryPlan.performList(HQLQueryPlan.java:219)
	at org.hibernate.internal.SessionImpl.list(SessionImpl.java:1459)
	at org.hibernate.query.internal.AbstractProducedQuery.doList(AbstractProducedQuery.java:1649)
	at org.hibernate.query.internal.AbstractProducedQuery.list(AbstractProducedQuery.java:1617)
	at org.hibernate.query.Query.getResultList(Query.java:165)
	at org.hibernate.query.criteria.internal.compile.CriteriaQueryTypeQueryAdapter.getResultList(CriteriaQueryTypeQueryAdapter.java:76)
	at sun.reflect.NativeMethodAccessorImpl.invoke0(Native Method)
	at sun.reflect.NativeMethodAccessorImpl.invoke(NativeMethodAccessorImpl.java:62)
	at sun.reflect.DelegatingMethodAccessorImpl.invoke(DelegatingMethodAccessorImpl.java:43)
	at java.lang.reflect.Method.invoke(Method.java:498)
	at org.springframework.orm.jpa.SharedEntityManagerCreator$DeferredQueryInvocationHandler.invoke(SharedEntityManagerCreator.java:406)
	at com.sun.proxy.$Proxy189.getResultList(Unknown Source)
	at org.springframework.data.jpa.repository.query.JpaQueryExecution$CollectionExecution.doExecute(JpaQueryExecution.java:128)
	at org.springframework.data.jpa.repository.query.JpaQueryExecution.execute(JpaQueryExecution.java:90)
	at org.springframework.data.jpa.repository.query.AbstractJpaQuery.doExecute(AbstractJpaQuery.java:155)
	at org.springframework.data.jpa.repository.query.AbstractJpaQuery.execute(AbstractJpaQuery.java:143)
	at org.springframework.data.repository.core.support.RepositoryMethodInvoker.doInvoke(RepositoryMethodInvoker.java:137)
	at org.springframework.data.repository.core.support.RepositoryMethodInvoker.invoke(RepositoryMethodInvoker.java:121)
	at org.springframework.data.repository.core.support.QueryExecutorMethodInterceptor.doInvoke(QueryExecutorMethodInterceptor.java:159)
	at org.springframework.data.repository.core.support.QueryExecutorMethodInterceptor.invoke(QueryExecutorMethodInterceptor.java:138)
	at org.springframework.aop.framework.ReflectiveMethodInvocation.proceed(ReflectiveMethodInvocation.java:186)
	at org.springframework.data.projection.DefaultMethodInvokingMethodInterceptor.invoke(DefaultMethodInvokingMethodInterceptor.java:80)
	at org.springframework.aop.framework.ReflectiveMethodInvocation.proceed(ReflectiveMethodInvocation.java:186)
	at org.springframework.transaction.interceptor.TransactionInterceptor$1.proceedWithInvocation(TransactionInterceptor.java:123)
	at org.springframework.transaction.interceptor.TransactionAspectSupport.invokeWithinTransaction(TransactionAspectSupport.java:388)
	at org.springframework.transaction.interceptor.TransactionInterceptor.invoke(TransactionInterceptor.java:119)
	at org.springframework.aop.framework.ReflectiveMethodInvocation.proceed(ReflectiveMethodInvocation.java:186)
	at org.springframework.dao.support.PersistenceExceptionTranslationInterceptor.invoke(PersistenceExceptionTranslationInterceptor.java:137)
	... 91 more
Caused by: java.lang.IllegalArgumentException: Can not set int field com.ssafy.queant.model.entity.product.Product.ageMax to null value
	at sun.reflect.UnsafeFieldAccessorImpl.throwSetIllegalArgumentException(UnsafeFieldAccessorImpl.java:167)
	at sun.reflect.UnsafeFieldAccessorImpl.throwSetIllegalArgumentException(UnsafeFieldAccessorImpl.java:171)
	at sun.reflect.UnsafeIntegerFieldAccessorImpl.set(UnsafeIntegerFieldAccessorImpl.java:80)
	at java.lang.reflect.Field.set(Field.java:764)
	at org.hibernate.property.access.spi.SetterFieldImpl.set(SetterFieldImpl.java:52)
	... 135 more
</pre>
</span>
</div>
</div>
<div id="tab1" class="tab">
<h2>Tests</h2>
<table>
<thead>
<tr>
<th>Test</th>
<th>Duration</th>
<th>Result</th>
</tr>
</thead>
<tr>
<td class="failures">findByBankId()</td>
<td class="failures">0.094s</td>
<td class="failures">failed</td>
</tr>
</table>
</div>
<div id="tab2" class="tab">
<h2>Standard output</h2>
<span class="code">
<pre>17:49:24.599 [Test worker] DEBUG org.springframework.test.context.BootstrapUtils - Instantiating CacheAwareContextLoaderDelegate from class [org.springframework.test.context.cache.DefaultCacheAwareContextLoaderDelegate]
17:49:24.606 [Test worker] DEBUG org.springframework.test.context.BootstrapUtils - Instantiating BootstrapContext using constructor [public org.springframework.test.context.support.DefaultBootstrapContext(java.lang.Class,org.springframework.test.context.CacheAwareContextLoaderDelegate)]
17:49:24.631 [Test worker] DEBUG org.springframework.test.context.BootstrapUtils - Instantiating TestContextBootstrapper for test class [com.ssafy.queant.model.repository.ProductRepositoryTest] from class [org.springframework.boot.test.context.SpringBootTestContextBootstrapper]
17:49:24.640 [Test worker] INFO org.springframework.boot.test.context.SpringBootTestContextBootstrapper - Neither @ContextConfiguration nor @ContextHierarchy found for test class [com.ssafy.queant.model.repository.ProductRepositoryTest], using SpringBootContextLoader
17:49:24.642 [Test worker] DEBUG org.springframework.test.context.support.AbstractContextLoader - Did not detect default resource location for test class [com.ssafy.queant.model.repository.ProductRepositoryTest]: class path resource [com/ssafy/queant/model/repository/ProductRepositoryTest-context.xml] does not exist
17:49:24.643 [Test worker] DEBUG org.springframework.test.context.support.AbstractContextLoader - Did not detect default resource location for test class [com.ssafy.queant.model.repository.ProductRepositoryTest]: class path resource [com/ssafy/queant/model/repository/ProductRepositoryTestContext.groovy] does not exist
17:49:24.643 [Test worker] INFO org.springframework.test.context.support.AbstractContextLoader - Could not detect default resource locations for test class [com.ssafy.queant.model.repository.ProductRepositoryTest]: no resource found for suffixes {-context.xml, Context.groovy}.
17:49:24.643 [Test worker] INFO org.springframework.test.context.support.AnnotationConfigContextLoaderUtils - Could not detect default configuration classes for test class [com.ssafy.queant.model.repository.ProductRepositoryTest]: ProductRepositoryTest does not declare any static, non-private, non-final, nested classes annotated with @Configuration.
17:49:24.674 [Test worker] DEBUG org.springframework.test.context.support.ActiveProfilesUtils - Could not find an 'annotation declaring class' for annotation type [org.springframework.test.context.ActiveProfiles] and class [com.ssafy.queant.model.repository.ProductRepositoryTest]
17:49:24.721 [Test worker] DEBUG org.springframework.context.annotation.ClassPathScanningCandidateComponentProvider - Identified candidate component class: file [C:\ssafy\S07P11A201\back-end\Queant\build\classes\java\main\com\ssafy\queant\QueantApplication.class]
17:49:24.722 [Test worker] INFO org.springframework.boot.test.context.SpringBootTestContextBootstrapper - Found @SpringBootConfiguration com.ssafy.queant.QueantApplication for test class com.ssafy.queant.model.repository.ProductRepositoryTest
17:49:24.791 [Test worker] DEBUG org.springframework.boot.test.context.SpringBootTestContextBootstrapper - @TestExecutionListeners is not present for class [com.ssafy.queant.model.repository.ProductRepositoryTest]: using defaults.
17:49:24.791 [Test worker] INFO org.springframework.boot.test.context.SpringBootTestContextBootstrapper - Loaded default TestExecutionListener class names from location [META-INF/spring.factories]: [org.springframework.security.test.context.support.WithSecurityContextTestExecutionListener, org.springframework.security.test.context.support.ReactorContextTestExecutionListener, org.springframework.boot.test.autoconfigure.restdocs.RestDocsTestExecutionListener, org.springframework.boot.test.autoconfigure.web.client.MockRestServiceServerResetTestExecutionListener, org.springframework.boot.test.autoconfigure.web.servlet.MockMvcPrintOnlyOnFailureTestExecutionListener, org.springframework.boot.test.autoconfigure.web.servlet.WebDriverTestExecutionListener, org.springframework.boot.test.autoconfigure.webservices.client.MockWebServiceServerTestExecutionListener, org.springframework.boot.test.mock.mockito.MockitoTestExecutionListener, org.springframework.boot.test.mock.mockito.ResetMocksTestExecutionListener, org.springframework.test.context.web.ServletTestExecutionListener, org.springframework.test.context.support.DirtiesContextBeforeModesTestExecutionListener, org.springframework.test.context.event.ApplicationEventsTestExecutionListener, org.springframework.test.context.support.DependencyInjectionTestExecutionListener, org.springframework.test.context.support.DirtiesContextTestExecutionListener, org.springframework.test.context.transaction.TransactionalTestExecutionListener, org.springframework.test.context.jdbc.SqlScriptsTestExecutionListener, org.springframework.test.context.event.EventPublishingTestExecutionListener]
17:49:24.806 [Test worker] INFO org.springframework.boot.test.context.SpringBootTestContextBootstrapper - Using TestExecutionListeners: [org.springframework.test.context.web.ServletTestExecutionListener@6f3c660a, org.springframework.test.context.support.DirtiesContextBeforeModesTestExecutionListener@74f5ce22, org.springframework.test.context.event.ApplicationEventsTestExecutionListener@25aca718, org.springframework.boot.test.mock.mockito.MockitoTestExecutionListener@16fdec90, org.springframework.boot.test.autoconfigure.SpringBootDependencyInjectionTestExecutionListener@1afdd473, org.springframework.test.context.support.DirtiesContextTestExecutionListener@40238dd0, org.springframework.test.context.transaction.TransactionalTestExecutionListener@7776ab, org.springframework.test.context.jdbc.SqlScriptsTestExecutionListener@79179359, org.springframework.security.test.context.support.WithSecurityContextTestExecutionListener@dbd8e44, org.springframework.test.context.event.EventPublishingTestExecutionListener@51acdf2e, org.springframework.security.test.context.support.ReactorContextTestExecutionListener@6a55299e, org.springframework.boot.test.autoconfigure.restdocs.RestDocsTestExecutionListener@2f1de2d6, org.springframework.boot.test.autoconfigure.web.client.MockRestServiceServerResetTestExecutionListener@4eb386df, org.springframework.boot.test.autoconfigure.web.servlet.MockMvcPrintOnlyOnFailureTestExecutionListener@79517588, org.springframework.boot.test.autoconfigure.web.servlet.WebDriverTestExecutionListener@3a0baae5, org.springframework.boot.test.autoconfigure.webservices.client.MockWebServiceServerTestExecutionListener@7ac0e420, org.springframework.boot.test.mock.mockito.ResetMocksTestExecutionListener@289710d9]
17:49:24.809 [Test worker] DEBUG org.springframework.test.context.support.AbstractDirtiesContextTestExecutionListener - Before test class: context [DefaultTestContext@6e950bcf testClass = ProductRepositoryTest, testInstance = [null], testMethod = [null], testException = [null], mergedContextConfiguration = [WebMergedContextConfiguration@16414e40 testClass = ProductRepositoryTest, locations = '{}', classes = '{class com.ssafy.queant.QueantApplication}', contextInitializerClasses = '[]', activeProfiles = '{}', propertySourceLocations = '{}', propertySourceProperties = '{org.springframework.boot.test.context.SpringBootTestContextBootstrapper=true}', contextCustomizers = set[org.springframework.boot.test.autoconfigure.actuate.metrics.MetricsExportContextCustomizerFactory$DisableMetricExportContextCustomizer@7bd7d6d6, org.springframework.boot.test.autoconfigure.properties.PropertyMappingContextCustomizer@0, org.springframework.boot.test.autoconfigure.web.servlet.WebDriverContextCustomizerFactory$Customizer@5fb759d6, org.springframework.boot.test.context.filter.ExcludeFilterContextCustomizer@2dfaea86, org.springframework.boot.test.json.DuplicateJsonObjectContextCustomizerFactory$DuplicateJsonObjectContextCustomizer@14fc5f04, org.springframework.boot.test.mock.mockito.MockitoContextCustomizer@0, org.springframework.boot.test.web.client.TestRestTemplateContextCustomizer@23f5b5dc, org.springframework.boot.test.context.SpringBootTestArgs@1, org.springframework.boot.test.context.SpringBootTestWebEnvironment@69b2283a], resourceBasePath = 'src/main/webapp', contextLoader = 'org.springframework.boot.test.context.SpringBootContextLoader', parent = [null]], attributes = map['org.springframework.test.context.web.ServletTestExecutionListener.activateListener' -&gt; true]], class annotated with @DirtiesContext [false] with mode [null].

  .   ____          _            __ _ _
 /\\ / ___'_ __ _ _(_)_ __  __ _ \ \ \ \
( ( )\___ | '_ | '_| | '_ \/ _` | \ \ \ \
 \\/  ___)| |_)| | | | | || (_| |  ) ) ) )
  '  |____| .__|_| |_|_| |_\__, | / / / /
 =========|_|==============|___/=/_/_/_/
 :: Spring Boot ::                (v2.6.7)

2022-07-28 17:49:25.026  WARN 18760 --- [    Test worker] ory$DuplicateJsonObjectContextCustomizer : 

Found multiple occurrences of org.json.JSONObject on the class path:

	jar:file:/C:/Users/SSAFY/.gradle/caches/modules-2/files-2.1/org.json/json/20190722/7bce7bacf0ab5e9f894d307a3de8b7f540064d5/json-20190722.jar!/org/json/JSONObject.class
	jar:file:/C:/Users/SSAFY/.gradle/caches/modules-2/files-2.1/com.vaadin.external.google/android-json/0.0.20131108.vaadin1/fa26d351fe62a6a17f5cda1287c1c6110dec413f/android-json-0.0.20131108.vaadin1.jar!/org/json/JSONObject.class

You may wish to exclude one of them to ensure predictable runtime behavior

2022-07-28 17:49:25.036  INFO 18760 --- [    Test worker] c.s.q.m.r.ProductRepositoryTest          : Starting ProductRepositoryTest using Java 1.8.0_192 on DESKTOP-KVCQHCD with PID 18760 (started by SSAFY in C:\ssafy\S07P11A201\back-end\Queant)
2022-07-28 17:49:25.036  INFO 18760 --- [    Test worker] c.s.q.m.r.ProductRepositoryTest          : The following 2 profiles are active: &quot;mail&quot;, &quot;API-KEY&quot;
2022-07-28 17:49:25.694  INFO 18760 --- [    Test worker] .s.d.r.c.RepositoryConfigurationDelegate : Bootstrapping Spring Data JPA repositories in DEFAULT mode.
2022-07-28 17:49:25.748  INFO 18760 --- [    Test worker] .s.d.r.c.RepositoryConfigurationDelegate : Finished Spring Data repository scanning in 47 ms. Found 4 JPA repository interfaces.
2022-07-28 17:49:26.502  INFO 18760 --- [    Test worker] com.zaxxer.hikari.HikariDataSource       : HikariPool-1 - Starting...
2022-07-28 17:49:26.546  INFO 18760 --- [    Test worker] com.zaxxer.hikari.HikariDataSource       : HikariPool-1 - Start completed.
2022-07-28 17:49:26.612  INFO 18760 --- [    Test worker] o.hibernate.jpa.internal.util.LogHelper  : HHH000204: Processing PersistenceUnitInfo [name: default]
2022-07-28 17:49:26.650  INFO 18760 --- [    Test worker] org.hibernate.Version                    : HHH000412: Hibernate ORM core version 5.6.8.Final
2022-07-28 17:49:26.803  INFO 18760 --- [    Test worker] o.hibernate.annotations.common.Version   : HCANN000001: Hibernate Commons Annotations {5.1.2.Final}
2022-07-28 17:49:26.912  INFO 18760 --- [    Test worker] org.hibernate.dialect.Dialect            : HHH000400: Using dialect: org.hibernate.dialect.MariaDB106Dialect
2022-07-28 17:49:27.457  INFO 18760 --- [    Test worker] p6spy                                    : #1658998167457 | took 4ms | statement | connection 2| url jdbc:mariadb://localhost:3306/queant
select table_name from information_schema.tables where table_schema = database() and table_type = 'SEQUENCE'
select table_name from information_schema.tables where table_schema = database() and table_type = 'SEQUENCE';
2022-07-28 17:49:27.480  INFO 18760 --- [    Test worker] p6spy                                    : #1658998167480 | took 0ms | statement | connection 2| url jdbc:mariadb://localhost:3306/queant
select * from `queant`.`member` where 1=0
select * from `queant`.`member` where 1=0;
2022-07-28 17:49:27.483  INFO 18760 --- [    Test worker] o.h.e.t.j.p.i.JtaPlatformInitiator       : HHH000490: Using JtaPlatform implementation: [org.hibernate.engine.transaction.jta.platform.internal.NoJtaPlatform]
2022-07-28 17:49:27.489  INFO 18760 --- [    Test worker] j.LocalContainerEntityManagerFactoryBean : Initialized JPA EntityManagerFactory for persistence unit 'default'
2022-07-28 17:49:27.933  WARN 18760 --- [    Test worker] org.hibernate.orm.deprecation            : HHH90000016: Found use of deprecated 'collection property' syntax in HQL/JPQL query [m.roleSet.size]; use collection function syntax instead [size(m.roleSet)].
2022-07-28 17:49:28.036  WARN 18760 --- [    Test worker] JpaBaseConfiguration$JpaWebConfiguration : spring.jpa.open-in-view is enabled by default. Therefore, database queries may be performed during view rendering. Explicitly configure spring.jpa.open-in-view to disable this warning
2022-07-28 17:49:28.846  INFO 18760 --- [    Test worker] o.s.b.a.w.s.WelcomePageHandlerMapping    : Adding welcome page: class path resource [static/index.html]
2022-07-28 17:49:28.944  WARN 18760 --- [    Test worker] ion$DefaultTemplateResolverConfiguration : Cannot find template location: classpath:/templates/ (please add some templates or check your Thymeleaf configuration)
2022-07-28 17:49:29.149  WARN 18760 --- [    Test worker] o.s.s.c.a.web.builders.WebSecurity       : You are asking Spring Security to ignore Ant [pattern='/v2/api-docs']. This is not recommended -- please use permitAll via HttpSecurity#authorizeHttpRequests instead.
2022-07-28 17:49:29.150  INFO 18760 --- [    Test worker] o.s.s.web.DefaultSecurityFilterChain     : Will not secure Ant [pattern='/v2/api-docs']
2022-07-28 17:49:29.150  WARN 18760 --- [    Test worker] o.s.s.c.a.web.builders.WebSecurity       : You are asking Spring Security to ignore Ant [pattern='/v3/api-docs']. This is not recommended -- please use permitAll via HttpSecurity#authorizeHttpRequests instead.
2022-07-28 17:49:29.150  INFO 18760 --- [    Test worker] o.s.s.web.DefaultSecurityFilterChain     : Will not secure Ant [pattern='/v3/api-docs']
2022-07-28 17:49:29.150  WARN 18760 --- [    Test worker] o.s.s.c.a.web.builders.WebSecurity       : You are asking Spring Security to ignore Ant [pattern='/**/v3/api-docs']. This is not recommended -- please use permitAll via HttpSecurity#authorizeHttpRequests instead.
2022-07-28 17:49:29.151  INFO 18760 --- [    Test worker] o.s.s.web.DefaultSecurityFilterChain     : Will not secure Ant [pattern='/**/v3/api-docs']
2022-07-28 17:49:29.151  WARN 18760 --- [    Test worker] o.s.s.c.a.web.builders.WebSecurity       : You are asking Spring Security to ignore Ant [pattern='/swagger-ui/index.html']. This is not recommended -- please use permitAll via HttpSecurity#authorizeHttpRequests instead.
2022-07-28 17:49:29.151  INFO 18760 --- [    Test worker] o.s.s.web.DefaultSecurityFilterChain     : Will not secure Ant [pattern='/swagger-ui/index.html']
2022-07-28 17:49:29.151  WARN 18760 --- [    Test worker] o.s.s.c.a.web.builders.WebSecurity       : You are asking Spring Security to ignore Ant [pattern='/swagger-resources']. This is not recommended -- please use permitAll via HttpSecurity#authorizeHttpRequests instead.
2022-07-28 17:49:29.151  INFO 18760 --- [    Test worker] o.s.s.web.DefaultSecurityFilterChain     : Will not secure Ant [pattern='/swagger-resources']
2022-07-28 17:49:29.151  WARN 18760 --- [    Test worker] o.s.s.c.a.web.builders.WebSecurity       : You are asking Spring Security to ignore Ant [pattern='/swagger-resources/**']. This is not recommended -- please use permitAll via HttpSecurity#authorizeHttpRequests instead.
2022-07-28 17:49:29.151  INFO 18760 --- [    Test worker] o.s.s.web.DefaultSecurityFilterChain     : Will not secure Ant [pattern='/swagger-resources/**']
2022-07-28 17:49:29.151  WARN 18760 --- [    Test worker] o.s.s.c.a.web.builders.WebSecurity       : You are asking Spring Security to ignore Ant [pattern='/configuration/ui']. This is not recommended -- please use permitAll via HttpSecurity#authorizeHttpRequests instead.
2022-07-28 17:49:29.151  INFO 18760 --- [    Test worker] o.s.s.web.DefaultSecurityFilterChain     : Will not secure Ant [pattern='/configuration/ui']
2022-07-28 17:49:29.151  WARN 18760 --- [    Test worker] o.s.s.c.a.web.builders.WebSecurity       : You are asking Spring Security to ignore Ant [pattern='/configuration/security']. This is not recommended -- please use permitAll via HttpSecurity#authorizeHttpRequests instead.
2022-07-28 17:49:29.151  INFO 18760 --- [    Test worker] o.s.s.web.DefaultSecurityFilterChain     : Will not secure Ant [pattern='/configuration/security']
2022-07-28 17:49:29.152  WARN 18760 --- [    Test worker] o.s.s.c.a.web.builders.WebSecurity       : You are asking Spring Security to ignore Ant [pattern='/swagger-ui.html']. This is not recommended -- please use permitAll via HttpSecurity#authorizeHttpRequests instead.
2022-07-28 17:49:29.152  INFO 18760 --- [    Test worker] o.s.s.web.DefaultSecurityFilterChain     : Will not secure Ant [pattern='/swagger-ui.html']
2022-07-28 17:49:29.152  WARN 18760 --- [    Test worker] o.s.s.c.a.web.builders.WebSecurity       : You are asking Spring Security to ignore Ant [pattern='**/swagger-ui.html']. This is not recommended -- please use permitAll via HttpSecurity#authorizeHttpRequests instead.
2022-07-28 17:49:29.152  INFO 18760 --- [    Test worker] o.s.s.web.DefaultSecurityFilterChain     : Will not secure Ant [pattern='**/swagger-ui.html']
2022-07-28 17:49:29.152  WARN 18760 --- [    Test worker] o.s.s.c.a.web.builders.WebSecurity       : You are asking Spring Security to ignore Ant [pattern='/**/swagger-ui.html**']. This is not recommended -- please use permitAll via HttpSecurity#authorizeHttpRequests instead.
2022-07-28 17:49:29.152  INFO 18760 --- [    Test worker] o.s.s.web.DefaultSecurityFilterChain     : Will not secure Ant [pattern='/**/swagger-ui.html**']
2022-07-28 17:49:29.152  WARN 18760 --- [    Test worker] o.s.s.c.a.web.builders.WebSecurity       : You are asking Spring Security to ignore Ant [pattern='/swagger-ui.html**']. This is not recommended -- please use permitAll via HttpSecurity#authorizeHttpRequests instead.
2022-07-28 17:49:29.152  INFO 18760 --- [    Test worker] o.s.s.web.DefaultSecurityFilterChain     : Will not secure Ant [pattern='/swagger-ui.html**']
2022-07-28 17:49:29.152  WARN 18760 --- [    Test worker] o.s.s.c.a.web.builders.WebSecurity       : You are asking Spring Security to ignore Ant [pattern='/webjars/**']. This is not recommended -- please use permitAll via HttpSecurity#authorizeHttpRequests instead.
2022-07-28 17:49:29.152  INFO 18760 --- [    Test worker] o.s.s.web.DefaultSecurityFilterChain     : Will not secure Ant [pattern='/webjars/**']
2022-07-28 17:49:29.216  INFO 18760 --- [    Test worker] o.s.s.web.DefaultSecurityFilterChain     : Will secure any request with [org.springframework.security.web.context.request.async.WebAsyncManagerIntegrationFilter@6b063695, org.springframework.security.web.context.SecurityContextPersistenceFilter@48cbe1c9, org.springframework.security.web.header.HeaderWriterFilter@797ee1a9, org.springframework.security.web.authentication.logout.LogoutFilter@24482a4f, com.ssafy.queant.security.JwtAuthenticationFilter@43edd2ea, org.springframework.security.web.savedrequest.RequestCacheAwareFilter@578c99ac, org.springframework.security.web.servletapi.SecurityContextHolderAwareRequestFilter@3d1c8f35, org.springframework.security.web.authentication.AnonymousAuthenticationFilter@3fc4038f, org.springframework.security.web.session.SessionManagementFilter@5b72b13a, org.springframework.security.web.access.ExceptionTranslationFilter@53c9541c, org.springframework.security.web.access.intercept.FilterSecurityInterceptor@7683ea43]
2022-07-28 17:49:29.520  INFO 18760 --- [    Test worker] c.s.q.m.r.ProductRepositoryTest          : Started ProductRepositoryTest in 4.686 seconds (JVM running for 5.62)
Hibernate: 
    select
        product0_.product_id as product_1_10_,
        product0_.age_max as age_max2_10_,
        product0_.age_min as age_min3_10_,
        product0_.bank_id as bank_id4_10_,
        product0_.budget_max as budget_m5_10_,
        product0_.budget_min as budget_m6_10_,
        product0_.etc as etc7_10_,
        product0_.is_deposit as is_depos8_10_,
        product0_.is_enabled as is_enabl9_10_,
        product0_.name as name10_10_,
        product0_.scode_id as scode_i11_10_,
        product0_.term_max as term_ma12_10_,
        product0_.term_min as term_mi13_10_ 
    from
        product product0_ 
    where
        product0_.bank_id=?
2022-07-28 17:49:29.604 TRACE 18760 --- [    Test worker] o.h.type.descriptor.sql.BasicBinder      : binding parameter [1] as [INTEGER] - [10001]
2022-07-28 17:49:29.605  INFO 18760 --- [    Test worker] p6spy                                    : #1658998169605 | took 0ms | statement | connection 3| url jdbc:mariadb://localhost:3306/queant
select product0_.product_id as product_1_10_, product0_.age_max as age_max2_10_, product0_.age_min as age_min3_10_, product0_.bank_id as bank_id4_10_, product0_.budget_max as budget_m5_10_, product0_.budget_min as budget_m6_10_, product0_.etc as etc7_10_, product0_.is_deposit as is_depos8_10_, product0_.is_enabled as is_enabl9_10_, product0_.name as name10_10_, product0_.scode_id as scode_i11_10_, product0_.term_max as term_ma12_10_, product0_.term_min as term_mi13_10_ from product product0_ where product0_.bank_id=?
select product0_.product_id as product_1_10_, product0_.age_max as age_max2_10_, product0_.age_min as age_min3_10_, product0_.bank_id as bank_id4_10_, product0_.budget_max as budget_m5_10_, product0_.budget_min as budget_m6_10_, product0_.etc as etc7_10_, product0_.is_deposit as is_depos8_10_, product0_.is_enabled as is_enabl9_10_, product0_.name as name10_10_, product0_.scode_id as scode_i11_10_, product0_.term_max as term_ma12_10_, product0_.term_min as term_mi13_10_ from product product0_ where product0_.bank_id=10001;
2022-07-28 17:49:29.607 TRACE 18760 --- [    Test worker] o.h.type.descriptor.sql.BasicExtractor   : extracted value ([product_1_10_] : [VARCHAR]) - [WR0001B]
2022-07-28 17:49:29.611 TRACE 18760 --- [    Test worker] o.h.type.descriptor.sql.BasicExtractor   : extracted value ([age_max2_10_] : [INTEGER]) - [null]
2022-07-28 17:49:29.611 TRACE 18760 --- [    Test worker] o.h.type.descriptor.sql.BasicExtractor   : extracted value ([age_min3_10_] : [INTEGER]) - [50]
2022-07-28 17:49:29.611 TRACE 18760 --- [    Test worker] o.h.type.descriptor.sql.BasicExtractor   : extracted value ([bank_id4_10_] : [INTEGER]) - [10001]
2022-07-28 17:49:29.611 TRACE 18760 --- [    Test worker] o.h.type.descriptor.sql.BasicExtractor   : extracted value ([budget_m5_10_] : [BIGINT]) - [null]
2022-07-28 17:49:29.611 TRACE 18760 --- [    Test worker] o.h.type.descriptor.sql.BasicExtractor   : extracted value ([budget_m6_10_] : [BIGINT]) - [null]
2022-07-28 17:49:29.612 TRACE 18760 --- [    Test worker] o.h.type.descriptor.sql.BasicExtractor   : extracted value ([etc7_10_] : [VARCHAR]) - [null]
2022-07-28 17:49:29.612 TRACE 18760 --- [    Test worker] o.h.type.descriptor.sql.BasicExtractor   : extracted value ([is_depos8_10_] : [BOOLEAN]) - [false]
2022-07-28 17:49:29.612 TRACE 18760 --- [    Test worker] o.h.type.descriptor.sql.BasicExtractor   : extracted value ([is_enabl9_10_] : [BOOLEAN]) - [false]
2022-07-28 17:49:29.612 TRACE 18760 --- [    Test worker] o.h.type.descriptor.sql.BasicExtractor   : extracted value ([name10_10_] : [VARCHAR]) - [시니어플러스우리적금 (증여우대형)]
2022-07-28 17:49:29.612 TRACE 18760 --- [    Test worker] o.h.type.descriptor.sql.BasicExtractor   : extracted value ([scode_i11_10_] : [VARCHAR]) - []
2022-07-28 17:49:29.612 TRACE 18760 --- [    Test worker] o.h.type.descriptor.sql.BasicExtractor   : extracted value ([term_ma12_10_] : [INTEGER]) - [12]
2022-07-28 17:49:29.612 TRACE 18760 --- [    Test worker] o.h.type.descriptor.sql.BasicExtractor   : extracted value ([term_mi13_10_] : [INTEGER]) - [12]
2022-07-28 17:49:29.614 TRACE 18760 --- [    Test worker] o.h.type.descriptor.sql.BasicExtractor   : extracted value ([product_1_10_] : [VARCHAR]) - [WR0001C]
2022-07-28 17:49:29.614 TRACE 18760 --- [    Test worker] o.h.type.descriptor.sql.BasicExtractor   : extracted value ([age_max2_10_] : [INTEGER]) - [35]
2022-07-28 17:49:29.614 TRACE 18760 --- [    Test worker] o.h.type.descriptor.sql.BasicExtractor   : extracted value ([age_min3_10_] : [INTEGER]) - [18]
2022-07-28 17:49:29.614 TRACE 18760 --- [    Test worker] o.h.type.descriptor.sql.BasicExtractor   : extracted value ([bank_id4_10_] : [INTEGER]) - [10001]
2022-07-28 17:49:29.614 TRACE 18760 --- [    Test worker] o.h.type.descriptor.sql.BasicExtractor   : extracted value ([budget_m5_10_] : [BIGINT]) - [null]
2022-07-28 17:49:29.614 TRACE 18760 --- [    Test worker] o.h.type.descriptor.sql.BasicExtractor   : extracted value ([budget_m6_10_] : [BIGINT]) - [null]
2022-07-28 17:49:29.614 TRACE 18760 --- [    Test worker] o.h.type.descriptor.sql.BasicExtractor   : extracted value ([etc7_10_] : [VARCHAR]) - [null]
2022-07-28 17:49:29.614 TRACE 18760 --- [    Test worker] o.h.type.descriptor.sql.BasicExtractor   : extracted value ([is_depos8_10_] : [BOOLEAN]) - [false]
2022-07-28 17:49:29.614 TRACE 18760 --- [    Test worker] o.h.type.descriptor.sql.BasicExtractor   : extracted value ([is_enabl9_10_] : [BOOLEAN]) - [false]
2022-07-28 17:49:29.614 TRACE 18760 --- [    Test worker] o.h.type.descriptor.sql.BasicExtractor   : extracted value ([name10_10_] : [VARCHAR]) - [첫급여 우리적금]
2022-07-28 17:49:29.614 TRACE 18760 --- [    Test worker] o.h.type.descriptor.sql.BasicExtractor   : extracted value ([scode_i11_10_] : [VARCHAR]) - []
2022-07-28 17:49:29.614 TRACE 18760 --- [    Test worker] o.h.type.descriptor.sql.BasicExtractor   : extracted value ([term_ma12_10_] : [INTEGER]) - [12]
2022-07-28 17:49:29.615 TRACE 18760 --- [    Test worker] o.h.type.descriptor.sql.BasicExtractor   : extracted value ([term_mi13_10_] : [INTEGER]) - [12]
2022-07-28 17:49:29.615 TRACE 18760 --- [    Test worker] o.h.type.descriptor.sql.BasicExtractor   : extracted value ([product_1_10_] : [VARCHAR]) - [WR0001F]
2022-07-28 17:49:29.615 TRACE 18760 --- [    Test worker] o.h.type.descriptor.sql.BasicExtractor   : extracted value ([age_max2_10_] : [INTEGER]) - [null]
2022-07-28 17:49:29.615 TRACE 18760 --- [    Test worker] o.h.type.descriptor.sql.BasicExtractor   : extracted value ([age_min3_10_] : [INTEGER]) - [null]
2022-07-28 17:49:29.615 TRACE 18760 --- [    Test worker] o.h.type.descriptor.sql.BasicExtractor   : extracted value ([bank_id4_10_] : [INTEGER]) - [10001]
2022-07-28 17:49:29.615 TRACE 18760 --- [    Test worker] o.h.type.descriptor.sql.BasicExtractor   : extracted value ([budget_m5_10_] : [BIGINT]) - [null]
2022-07-28 17:49:29.615 TRACE 18760 --- [    Test worker] o.h.type.descriptor.sql.BasicExtractor   : extracted value ([budget_m6_10_] : [BIGINT]) - [null]
2022-07-28 17:49:29.615 TRACE 18760 --- [    Test worker] o.h.type.descriptor.sql.BasicExtractor   : extracted value ([etc7_10_] : [VARCHAR]) - [null]
2022-07-28 17:49:29.615 TRACE 18760 --- [    Test worker] o.h.type.descriptor.sql.BasicExtractor   : extracted value ([is_depos8_10_] : [BOOLEAN]) - [false]
2022-07-28 17:49:29.615 TRACE 18760 --- [    Test worker] o.h.type.descriptor.sql.BasicExtractor   : extracted value ([is_enabl9_10_] : [BOOLEAN]) - [false]
2022-07-28 17:49:29.615 TRACE 18760 --- [    Test worker] o.h.type.descriptor.sql.BasicExtractor   : extracted value ([name10_10_] : [VARCHAR]) - [우리SUPER주거래적금]
2022-07-28 17:49:29.615 TRACE 18760 --- [    Test worker] o.h.type.descriptor.sql.BasicExtractor   : extracted value ([scode_i11_10_] : [VARCHAR]) - []
2022-07-28 17:49:29.615 TRACE 18760 --- [    Test worker] o.h.type.descriptor.sql.BasicExtractor   : extracted value ([term_ma12_10_] : [INTEGER]) - [36]
2022-07-28 17:49:29.616 TRACE 18760 --- [    Test worker] o.h.type.descriptor.sql.BasicExtractor   : extracted value ([term_mi13_10_] : [INTEGER]) - [12]
2022-07-28 17:49:29.616 TRACE 18760 --- [    Test worker] o.h.type.descriptor.sql.BasicExtractor   : extracted value ([product_1_10_] : [VARCHAR]) - [WR0001L]
2022-07-28 17:49:29.616 TRACE 18760 --- [    Test worker] o.h.type.descriptor.sql.BasicExtractor   : extracted value ([age_max2_10_] : [INTEGER]) - [null]
2022-07-28 17:49:29.616 TRACE 18760 --- [    Test worker] o.h.type.descriptor.sql.BasicExtractor   : extracted value ([age_min3_10_] : [INTEGER]) - [null]
2022-07-28 17:49:29.616 TRACE 18760 --- [    Test worker] o.h.type.descriptor.sql.BasicExtractor   : extracted value ([bank_id4_10_] : [INTEGER]) - [10001]
2022-07-28 17:49:29.616 TRACE 18760 --- [    Test worker] o.h.type.descriptor.sql.BasicExtractor   : extracted value ([budget_m5_10_] : [BIGINT]) - [null]
2022-07-28 17:49:29.616 TRACE 18760 --- [    Test worker] o.h.type.descriptor.sql.BasicExtractor   : extracted value ([budget_m6_10_] : [BIGINT]) - [null]
2022-07-28 17:49:29.616 TRACE 18760 --- [    Test worker] o.h.type.descriptor.sql.BasicExtractor   : extracted value ([etc7_10_] : [VARCHAR]) - [null]
2022-07-28 17:49:29.616 TRACE 18760 --- [    Test worker] o.h.type.descriptor.sql.BasicExtractor   : extracted value ([is_depos8_10_] : [BOOLEAN]) - [false]
2022-07-28 17:49:29.616 TRACE 18760 --- [    Test worker] o.h.type.descriptor.sql.BasicExtractor   : extracted value ([is_enabl9_10_] : [BOOLEAN]) - [false]
2022-07-28 17:49:29.616 TRACE 18760 --- [    Test worker] o.h.type.descriptor.sql.BasicExtractor   : extracted value ([name10_10_] : [VARCHAR]) - [WON적금]
2022-07-28 17:49:29.616 TRACE 18760 --- [    Test worker] o.h.type.descriptor.sql.BasicExtractor   : extracted value ([scode_i11_10_] : [VARCHAR]) - []
2022-07-28 17:49:29.616 TRACE 18760 --- [    Test worker] o.h.type.descriptor.sql.BasicExtractor   : extracted value ([term_ma12_10_] : [INTEGER]) - [12]
2022-07-28 17:49:29.616 TRACE 18760 --- [    Test worker] o.h.type.descriptor.sql.BasicExtractor   : extracted value ([term_mi13_10_] : [INTEGER]) - [12]
</pre>
</span>
</div>
</div>
<div id="footer">
<p>
<div>
<label class="hidden" id="label-for-line-wrapping-toggle" for="line-wrapping-toggle">Wrap lines
<input id="line-wrapping-toggle" type="checkbox" autocomplete="off"/>
</label>
</div>Generated by 
<a href="http://www.gradle.org">Gradle 7.4.1</a> at 2022. 7. 28 오후 5:49:29</p>
</div>
</div>
</body>
</html>
